\BOOKMARK [1][-]{section.1}{\376\377\0001\000\040\000F\000o\000r\000m\000a\000t\000\040\000o\000f\000\040\000i\000n\000p\000u\000t\000\040\000f\000i\000l\000e\000s\000\040\000f\000o\000r\000\040\000a\000l\000l\000\040\000u\000t\000i\000l\000i\000t\000i\000e\000s}{}% 1
\BOOKMARK [2][-]{subsection.1.1}{\376\377\0001\000.\0001\000\040\000S\000t\000r\000u\000c\000t\000u\000r\000e\000\040\000f\000i\000l\000e\000\040}{section.1}% 2
\BOOKMARK [2][-]{subsection.1.2}{\376\377\0001\000.\0002\000\040\000O\000p\000t\000i\000o\000n\000a\000l\000\040\000b\000o\000n\000d\000\040\000f\000i\000l\000e\000\040}{section.1}% 3
\BOOKMARK [2][-]{subsection.1.3}{\376\377\0001\000.\0003\000\040\000O\000r\000d\000e\000r\000e\000d\000\040\000c\000o\000o\000r\000d\000i\000n\000a\000t\000e\000\040\000f\000i\000l\000e\000\040}{section.1}% 4
\BOOKMARK [2][-]{subsection.1.4}{\376\377\0001\000.\0004\000\040\000I\000n\000d\000e\000x\000e\000d\000\040\000c\000o\000o\000r\000d\000i\000n\000a\000t\000e\000\040\000f\000i\000l\000e\000\040}{section.1}% 5
\BOOKMARK [2][-]{subsection.1.5}{\376\377\0001\000.\0005\000\040\000A\000g\000g\000r\000e\000g\000a\000t\000e\000\040\000f\000i\000l\000e\000\040}{section.1}% 6
\BOOKMARK [1][-]{section.2}{\376\377\0002\000\040\000O\000p\000t\000i\000o\000n\000s\000\040\000f\000o\000r\000\040\000a\000l\000l\000\040\000u\000t\000i\000l\000i\000t\000i\000e\000s}{}% 7
\BOOKMARK [1][-]{section.3}{\376\377\0003\000\040\000C\000o\000m\000m\000o\000n\000\040\000u\000t\000i\000l\000i\000t\000i\000e\000s}{}% 8
\BOOKMARK [2][-]{subsection.3.1}{\376\377\0003\000.\0001\000\040\000t\000r\000a\000j\000e\000c\000t\000\040\000u\000t\000i\000l\000i\000t\000y}{section.3}% 9
\BOOKMARK [2][-]{subsection.3.2}{\376\377\0003\000.\0002\000\040\000S\000e\000l\000e\000c\000t\000e\000d\000V\000c\000f\000\040\000u\000t\000i\000l\000i\000t\000y}{section.3}% 10
\BOOKMARK [2][-]{subsection.3.3}{\376\377\0003\000.\0003\000\040\000C\000o\000n\000f\000i\000g\000\040\000u\000t\000i\000l\000i\000t\000y}{section.3}% 11
\BOOKMARK [2][-]{subsection.3.4}{\376\377\0003\000.\0004\000\040\000T\000r\000a\000n\000s\000f\000o\000r\000m\000V\000s\000f\000\040\000u\000t\000i\000l\000i\000t\000y}{section.3}% 12
\BOOKMARK [3][-]{subsubsection.3.4.1}{\376\377\0003\000.\0004\000.\0001\000\040\000F\000o\000r\000m\000a\000t\000\040\000o\000f\000\040\000o\000u\000t\000p\000u\000t\000\040\000s\000t\000r\000u\000c\000t\000u\000r\000e\000\040\000f\000i\000l\000e}{subsection.3.4}% 13
\BOOKMARK [2][-]{subsection.3.5}{\376\377\0003\000.\0005\000\040\000B\000o\000n\000d\000L\000e\000n\000g\000t\000h\000\040\000u\000t\000i\000l\000i\000t\000y}{section.3}% 14
\BOOKMARK [2][-]{subsection.3.6}{\376\377\0003\000.\0006\000\040\000A\000g\000g\000r\000e\000g\000a\000t\000e\000s\000\040\000\046\000\040\000A\000g\000g\000r\000e\000g\000a\000t\000e\000s\000-\000N\000o\000t\000S\000a\000m\000e\000B\000e\000a\000d\000s\000\040\000u\000t\000i\000l\000i\000t\000y}{section.3}% 15
\BOOKMARK [2][-]{subsection.3.7}{\376\377\0003\000.\0007\000\040\000J\000o\000i\000n\000A\000g\000g\000r\000e\000g\000a\000t\000e\000s\000\040\000u\000t\000i\000l\000i\000t\000y}{section.3}% 16
\BOOKMARK [2][-]{subsection.3.8}{\376\377\0003\000.\0008\000\040\000D\000i\000s\000t\000r\000A\000g\000g\000\040\000u\000t\000i\000l\000i\000t\000y}{section.3}% 17
\BOOKMARK [2][-]{subsection.3.9}{\376\377\0003\000.\0009\000\040\000D\000e\000n\000s\000i\000t\000y\000A\000g\000g\000r\000e\000g\000a\000t\000e\000s}{section.3}% 18
\BOOKMARK [2][-]{subsection.3.10}{\376\377\0003\000.\0001\0000\000\040\000D\000e\000n\000s\000i\000t\000y\000M\000o\000l\000e\000c\000u\000l\000e\000s}{section.3}% 19
\BOOKMARK [2][-]{subsection.3.11}{\376\377\0003\000.\0001\0001\000\040\000G\000y\000r\000a\000t\000i\000o\000n\000A\000g\000g\000r\000e\000g\000a\000t\000e\000s\000\040\000u\000t\000i\000l\000i\000t\000y}{section.3}% 20
\BOOKMARK [2][-]{subsection.3.12}{\376\377\0003\000.\0001\0002\000\040\000G\000y\000r\000a\000t\000i\000o\000n\000M\000o\000l\000e\000c\000u\000l\000e\000s\000\040\000u\000t\000i\000l\000i\000t\000y}{section.3}% 21
\BOOKMARK [2][-]{subsection.3.13}{\376\377\0003\000.\0001\0003\000\040\000J\000o\000i\000n\000R\000u\000n\000s\000\040\000u\000t\000i\000l\000i\000t\000y}{section.3}% 22
\BOOKMARK [2][-]{subsection.3.14}{\376\377\0003\000.\0001\0004\000\040\000A\000v\000e\000r\000a\000g\000e\000\040\000u\000t\000i\000l\000i\000t\000y}{section.3}% 23
\BOOKMARK [1][-]{section.4}{\376\377\0004\000\040\000U\000t\000i\000l\000i\000t\000i\000e\000s\000\040\000f\000o\000r\000\040\000l\000i\000n\000e\000a\000r\000\040\000c\000h\000a\000i\000n\000s}{}% 24
\BOOKMARK [2][-]{subsection.4.1}{\376\377\0004\000.\0001\000\040\000E\000n\000d\000T\000o\000E\000n\000d\000\040\000u\000t\000i\000l\000i\000t\000y}{section.4}% 25
\BOOKMARK [2][-]{subsection.4.2}{\376\377\0004\000.\0002\000\040\000P\000e\000r\000s\000i\000s\000t\000e\000n\000c\000e\000L\000e\000n\000g\000t\000h\000\040\000u\000t\000i\000l\000i\000t\000y}{section.4}% 26
\BOOKMARK [1][-]{section.5}{\376\377\0005\000\040\000T\000o\000d\000o\000\040\000L\000i\000s\000t}{}% 27
\BOOKMARK [1][-]{section.6}{\376\377\0006\000\040\000D\000a\000t\000a\000\040\000S\000t\000r\000u\000c\000t\000u\000r\000e\000\040\000I\000n\000d\000e\000x}{}% 28
\BOOKMARK [2][-]{subsection.6.1}{\376\377\0006\000.\0001\000\040\000D\000a\000t\000a\000\040\000S\000t\000r\000u\000c\000t\000u\000r\000e\000s}{section.6}% 29
\BOOKMARK [1][-]{section.7}{\376\377\0007\000\040\000F\000i\000l\000e\000\040\000I\000n\000d\000e\000x}{}% 30
\BOOKMARK [2][-]{subsection.7.1}{\376\377\0007\000.\0001\000\040\000F\000i\000l\000e\000\040\000L\000i\000s\000t}{section.7}% 31
\BOOKMARK [1][-]{section.8}{\376\377\0008\000\040\000D\000a\000t\000a\000\040\000S\000t\000r\000u\000c\000t\000u\000r\000e\000\040\000D\000o\000c\000u\000m\000e\000n\000t\000a\000t\000i\000o\000n}{}% 32
\BOOKMARK [2][-]{subsection.8.1}{\376\377\0008\000.\0001\000\040\000A\000g\000g\000r\000e\000g\000a\000t\000e\000\040\000S\000t\000r\000u\000c\000t\000\040\000R\000e\000f\000e\000r\000e\000n\000c\000e}{section.8}% 33
\BOOKMARK [2][-]{subsection.8.2}{\376\377\0008\000.\0002\000\040\000B\000e\000a\000d\000\040\000S\000t\000r\000u\000c\000t\000\040\000R\000e\000f\000e\000r\000e\000n\000c\000e}{section.8}% 34
\BOOKMARK [2][-]{subsection.8.3}{\376\377\0008\000.\0003\000\040\000B\000e\000a\000d\000T\000y\000p\000e\000\040\000S\000t\000r\000u\000c\000t\000\040\000R\000e\000f\000e\000r\000e\000n\000c\000e}{section.8}% 35
\BOOKMARK [2][-]{subsection.8.4}{\376\377\0008\000.\0004\000\040\000C\000o\000u\000n\000t\000s\000\040\000S\000t\000r\000u\000c\000t\000\040\000R\000e\000f\000e\000r\000e\000n\000c\000e}{section.8}% 36
\BOOKMARK [2][-]{subsection.8.5}{\376\377\0008\000.\0005\000\040\000I\000n\000t\000V\000e\000c\000t\000o\000r\000\040\000S\000t\000r\000u\000c\000t\000\040\000R\000e\000f\000e\000r\000e\000n\000c\000e}{section.8}% 37
\BOOKMARK [2][-]{subsection.8.6}{\376\377\0008\000.\0006\000\040\000M\000o\000l\000e\000c\000u\000l\000e\000\040\000S\000t\000r\000u\000c\000t\000\040\000R\000e\000f\000e\000r\000e\000n\000c\000e}{section.8}% 38
\BOOKMARK [2][-]{subsection.8.7}{\376\377\0008\000.\0007\000\040\000M\000o\000l\000e\000c\000u\000l\000e\000T\000y\000p\000e\000\040\000S\000t\000r\000u\000c\000t\000\040\000R\000e\000f\000e\000r\000e\000n\000c\000e}{section.8}% 39
\BOOKMARK [2][-]{subsection.8.8}{\376\377\0008\000.\0008\000\040\000V\000e\000c\000t\000o\000r\000\040\000S\000t\000r\000u\000c\000t\000\040\000R\000e\000f\000e\000r\000e\000n\000c\000e}{section.8}% 40
\BOOKMARK [1][-]{section.9}{\376\377\0009\000\040\000F\000i\000l\000e\000\040\000D\000o\000c\000u\000m\000e\000n\000t\000a\000t\000i\000o\000n}{}% 41
\BOOKMARK [2][-]{subsection.9.1}{\376\377\0009\000.\0001\000\040\000A\000n\000a\000l\000y\000s\000i\000s\000T\000o\000o\000l\000s\000.\000h\000\040\000F\000i\000l\000e\000\040\000R\000e\000f\000e\000r\000e\000n\000c\000e}{section.9}% 42
\BOOKMARK [3][-]{subsubsection.9.1.1}{\376\377\0009\000.\0001\000.\0001\000\040\000F\000u\000n\000c\000t\000i\000o\000n\000\040\000D\000o\000c\000u\000m\000e\000n\000t\000a\000t\000i\000o\000n}{subsection.9.1}% 43
\BOOKMARK [2][-]{subsection.9.2}{\376\377\0009\000.\0002\000\040\000O\000p\000t\000i\000o\000n\000s\000.\000h\000\040\000F\000i\000l\000e\000\040\000R\000e\000f\000e\000r\000e\000n\000c\000e}{section.9}% 44
\BOOKMARK [3][-]{subsubsection.9.2.1}{\376\377\0009\000.\0002\000.\0001\000\040\000F\000u\000n\000c\000t\000i\000o\000n\000\040\000D\000o\000c\000u\000m\000e\000n\000t\000a\000t\000i\000o\000n}{subsection.9.2}% 45
\BOOKMARK [2][-]{subsection.9.3}{\376\377\0009\000.\0003\000\040\000S\000t\000r\000u\000c\000t\000s\000.\000h\000\040\000F\000i\000l\000e\000\040\000R\000e\000f\000e\000r\000e\000n\000c\000e}{section.9}% 46
